Flow report for vt_hacks
Sat Sep 27 09:50:42 2025
Quartus Prime Version 23.1std.1 Build 993 05/14/2024 SC Lite Edition


---------------------
; Table of Contents ;
---------------------
  1. Legal Notice
  2. Flow Summary
  3. Flow Settings
  4. Flow Non-Default Global Settings
  5. Flow Elapsed Time
  6. Flow OS Summary
  7. Flow Log
  8. Flow Messages
  9. Flow Suppressed Messages



----------------
; Legal Notice ;
----------------
Copyright (C) 2024  Intel Corporation. All rights reserved.
Your use of Intel Corporation's design tools, logic functions 
and other software and tools, and any partner logic 
functions, and any output files from any of the foregoing 
(including device programming or simulation files), and any 
associated documentation or information are expressly subject 
to the terms and conditions of the Intel Program License 
Subscription Agreement, the Intel Quartus Prime License Agreement,
the Intel FPGA IP License Agreement, or other applicable license
agreement, including, without limitation, that your use is for
the sole purpose of programming logic devices manufactured by
Intel and sold by Intel or its authorized distributors.  Please
refer to the applicable agreement for further details, at
https://fpgasoftware.intel.com/eula.



+----------------------------------------------------------------------------------+
; Flow Summary                                                                     ;
+---------------------------------+------------------------------------------------+
; Flow Status                     ; Flow Failed - Sat Sep 27 09:50:42 2025         ;
; Quartus Prime Version           ; 23.1std.1 Build 993 05/14/2024 SC Lite Edition ;
; Revision Name                   ; vt_hacks                                       ;
; Top-level Entity Name           ; vt_hacks                                       ;
; Family                          ; Cyclone V                                      ;
; Device                          ; 5CSEMA5F31C6                                   ;
; Timing Models                   ; Final                                          ;
; Logic utilization (in ALMs)     ; 150 / 32,070 ( < 1 % )                         ;
; Total registers                 ; 228                                            ;
; Total pins                      ; 109 / 457 ( 24 % )                             ;
; Total virtual pins              ; 0                                              ;
; Total block memory bits         ; 0 / 4,065,280 ( 0 % )                          ;
; Total DSP Blocks                ; 0 / 87 ( 0 % )                                 ;
; Total HSSI RX PCSs              ; 0                                              ;
; Total HSSI PMA RX Deserializers ; 0                                              ;
; Total HSSI TX PCSs              ; 0                                              ;
; Total HSSI PMA TX Serializers   ; 0                                              ;
; Total PLLs                      ; 0 / 6 ( 0 % )                                  ;
; Total DLLs                      ; 1 / 4 ( 25 % )                                 ;
+---------------------------------+------------------------------------------------+


+-----------------------------------------+
; Flow Settings                           ;
+-------------------+---------------------+
; Option            ; Setting             ;
+-------------------+---------------------+
; Start date & time ; 09/27/2025 09:48:53 ;
; Main task         ; Compilation         ;
; Revision Name     ; vt_hacks            ;
+-------------------+---------------------+


+---------------------------------------------------------------------------------------------------------------------------------------------------------------------------------------------+
; Flow Non-Default Global Settings                                                                                                                                                            ;
+-------------------------------------+----------------------------------------------------------------------+---------------+----------------------------+-----------------------------------+
; Assignment Name                     ; Value                                                                ; Default Value ; Entity Name                ; Section Id                        ;
+-------------------------------------+----------------------------------------------------------------------+---------------+----------------------------+-----------------------------------+
; COMPILER_SIGNATURE_ID               ; 136482425705317.175898093219652                                      ; --            ; --                         ; --                                ;
; EDA_GENERATE_FUNCTIONAL_NETLIST     ; Off                                                                  ; --            ; --                         ; eda_board_design_timing           ;
; EDA_GENERATE_FUNCTIONAL_NETLIST     ; Off                                                                  ; --            ; --                         ; eda_board_design_boundary_scan    ;
; EDA_GENERATE_FUNCTIONAL_NETLIST     ; Off                                                                  ; --            ; --                         ; eda_board_design_signal_integrity ;
; EDA_GENERATE_FUNCTIONAL_NETLIST     ; Off                                                                  ; --            ; --                         ; eda_board_design_symbol           ;
; EDA_OUTPUT_DATA_FORMAT              ; Verilog Hdl                                                          ; --            ; --                         ; eda_simulation                    ;
; EDA_SIMULATION_TOOL                 ; Questa Intel FPGA (Verilog)                                          ; <None>        ; --                         ; --                                ;
; EDA_TIME_SCALE                      ; 1 ps                                                                 ; --            ; --                         ; eda_simulation                    ;
; HPS_ISW_FILE                        ; bridge/synthesis/submodules/sequencer/alt_types.pre.h                ; --            ; bridge_hps_0_hps_io_border ; --                                ;
; HPS_ISW_FILE                        ; bridge/synthesis/submodules/sequencer/emif.pre.xml                   ; --            ; bridge_hps_0_hps_io_border ; --                                ;
; HPS_ISW_FILE                        ; bridge/synthesis/submodules/sequencer/sdram_io.pre.h                 ; --            ; bridge_hps_0_hps_io_border ; --                                ;
; HPS_ISW_FILE                        ; bridge/synthesis/submodules/sequencer/sequencer.pre.c                ; --            ; bridge_hps_0_hps_io_border ; --                                ;
; HPS_ISW_FILE                        ; bridge/synthesis/submodules/sequencer/sequencer.pre.h                ; --            ; bridge_hps_0_hps_io_border ; --                                ;
; HPS_ISW_FILE                        ; bridge/synthesis/submodules/sequencer/sequencer_auto.pre.h           ; --            ; bridge_hps_0_hps_io_border ; --                                ;
; HPS_ISW_FILE                        ; bridge/synthesis/submodules/sequencer/sequencer_auto_ac_init.pre.c   ; --            ; bridge_hps_0_hps_io_border ; --                                ;
; HPS_ISW_FILE                        ; bridge/synthesis/submodules/sequencer/sequencer_auto_inst_init.pre.c ; --            ; bridge_hps_0_hps_io_border ; --                                ;
; HPS_ISW_FILE                        ; bridge/synthesis/submodules/sequencer/sequencer_defines.pre.h        ; --            ; bridge_hps_0_hps_io_border ; --                                ;
; HPS_ISW_FILE                        ; bridge/synthesis/submodules/sequencer/system.pre.h                   ; --            ; bridge_hps_0_hps_io_border ; --                                ;
; HPS_ISW_FILE                        ; bridge/synthesis/submodules/sequencer/tclrpt.pre.c                   ; --            ; bridge_hps_0_hps_io_border ; --                                ;
; HPS_ISW_FILE                        ; bridge/synthesis/submodules/sequencer/tclrpt.pre.h                   ; --            ; bridge_hps_0_hps_io_border ; --                                ;
; HPS_ISW_FILE                        ; bridge/synthesis/submodules/hps.pre.xml                              ; --            ; bridge_hps_0_hps_io_border ; --                                ;
; HPS_PARTITION                       ; On                                                                   ; --            ; bridge_hps_0_hps_io_border ; --                                ;
; MAX_CORE_JUNCTION_TEMP              ; 85                                                                   ; --            ; --                         ; --                                ;
; MIN_CORE_JUNCTION_TEMP              ; 0                                                                    ; --            ; --                         ; --                                ;
; MISC_FILE                           ; bridge/synthesis/../bridge.cmp                                       ; --            ; --                         ; --                                ;
; MISC_FILE                           ; bridge/synthesis/../../C                                             ; --            ; --                         ; --                                ;
; MISC_FILE                           ; bridge/synthesis/bridge_hps_0_hps.svd                                ; --            ; --                         ; --                                ;
; MISC_FILE                           ; bridge/synthesis/../../bridge.qsys                                   ; --            ; --                         ; --                                ;
; MISC_FILE                           ; bridge/synthesis/submodules/sequencer/alt_types.pre.h                ; --            ; --                         ; --                                ;
; MISC_FILE                           ; bridge/synthesis/submodules/sequencer/emif.pre.xml                   ; --            ; --                         ; --                                ;
; MISC_FILE                           ; bridge/synthesis/submodules/sequencer/sdram_io.pre.h                 ; --            ; --                         ; --                                ;
; MISC_FILE                           ; bridge/synthesis/submodules/sequencer/sequencer.pre.c                ; --            ; --                         ; --                                ;
; MISC_FILE                           ; bridge/synthesis/submodules/sequencer/sequencer.pre.h                ; --            ; --                         ; --                                ;
; MISC_FILE                           ; bridge/synthesis/submodules/sequencer/sequencer_auto.pre.h           ; --            ; --                         ; --                                ;
; MISC_FILE                           ; bridge/synthesis/submodules/sequencer/sequencer_auto_ac_init.pre.c   ; --            ; --                         ; --                                ;
; MISC_FILE                           ; bridge/synthesis/submodules/sequencer/sequencer_auto_inst_init.pre.c ; --            ; --                         ; --                                ;
; MISC_FILE                           ; bridge/synthesis/submodules/sequencer/sequencer_defines.pre.h        ; --            ; --                         ; --                                ;
; MISC_FILE                           ; bridge/synthesis/submodules/sequencer/system.pre.h                   ; --            ; --                         ; --                                ;
; MISC_FILE                           ; bridge/synthesis/submodules/sequencer/tclrpt.pre.c                   ; --            ; --                         ; --                                ;
; MISC_FILE                           ; bridge/synthesis/submodules/sequencer/tclrpt.pre.h                   ; --            ; --                         ; --                                ;
; MISC_FILE                           ; bridge/synthesis/submodules/hps.pre.xml                              ; --            ; --                         ; --                                ;
; PARTITION_COLOR                     ; -- (Not supported for targeted family)                               ; --            ; --                         ; Top                               ;
; PARTITION_FITTER_PRESERVATION_LEVEL ; -- (Not supported for targeted family)                               ; --            ; --                         ; Top                               ;
; PARTITION_NETLIST_TYPE              ; -- (Not supported for targeted family)                               ; --            ; --                         ; Top                               ;
; POWER_BOARD_THERMAL_MODEL           ; None (CONSERVATIVE)                                                  ; --            ; --                         ; --                                ;
; POWER_PRESET_COOLING_SOLUTION       ; 23 MM HEAT SINK WITH 200 LFPM AIRFLOW                                ; --            ; --                         ; --                                ;
; PROJECT_OUTPUT_DIRECTORY            ; output_files                                                         ; --            ; --                         ; --                                ;
; SLD_FILE                            ; bridge/synthesis/bridge.regmap                                       ; --            ; --                         ; --                                ;
; SLD_FILE                            ; bridge/synthesis/bridge.debuginfo                                    ; --            ; --                         ; --                                ;
; SLD_INFO                            ; QSYS_NAME bridge HAS_SOPCINFO 1 GENERATION_ID 1758980503             ; --            ; bridge                     ; --                                ;
; SOPCINFO_FILE                       ; bridge/synthesis/../../bridge.sopcinfo                               ; --            ; --                         ; --                                ;
; SYNTHESIS_ONLY_QIP                  ; On                                                                   ; --            ; --                         ; --                                ;
+-------------------------------------+----------------------------------------------------------------------+---------------+----------------------------+-----------------------------------+


+--------------------------------------------------------------------------------------------------------------------------+
; Flow Elapsed Time                                                                                                        ;
+----------------------+--------------+-------------------------+---------------------+------------------------------------+
; Module Name          ; Elapsed Time ; Average Processors Used ; Peak Virtual Memory ; Total CPU Time (on all processors) ;
+----------------------+--------------+-------------------------+---------------------+------------------------------------+
; Analysis & Synthesis ; 00:01:38     ; 1.0                     ; 4979 MB             ; 00:02:57                           ;
; Fitter               ; 00:00:07     ; 1.0                     ; 5141 MB             ; 00:00:06                           ;
; Total                ; 00:01:45     ; --                      ; --                  ; 00:03:03                           ;
+----------------------+--------------+-------------------------+---------------------+------------------------------------+


+------------------------------------------------------------------------------------+
; Flow OS Summary                                                                    ;
+----------------------+------------------+------------+------------+----------------+
; Module Name          ; Machine Hostname ; OS Name    ; OS Version ; Processor type ;
+----------------------+------------------+------------+------------+----------------+
; Analysis & Synthesis ; DaisyTheDell     ; Windows 10 ; 10.0       ; x86_64         ;
; Fitter               ; DaisyTheDell     ; Windows 10 ; 10.0       ; x86_64         ;
+----------------------+------------------+------------+------------+----------------+


------------
; Flow Log ;
------------
quartus_map --read_settings_files=on --write_settings_files=off vt_hacks -c vt_hacks
quartus_fit --read_settings_files=on --write_settings_files=off vt_hacks -c vt_hacks



